[1126/174739.775:WARNING:spdy_session.cc(3431)] Received HEADERS for invalid stream 11
[1126/174739.784:WARNING:spdy_session.cc(3431)] Received HEADERS for invalid stream 9
[1126/174739.793:WARNING:spdy_session.cc(3431)] Received HEADERS for invalid stream 3
[1126/174739.800:WARNING:spdy_session.cc(3431)] Received HEADERS for invalid stream 7
[1126/174739.892:WARNING:spdy_session.cc(3431)] Received HEADERS for invalid stream 1
[1126/174739.908:WARNING:spdy_session.cc(3431)] Received HEADERS for invalid stream 13
[1126/174739.912:WARNING:spdy_session.cc(3431)] Received HEADERS for invalid stream 15
[1126/174739.959:WARNING:spdy_session.cc(3431)] Received HEADERS for invalid stream 17
[1126/174739.971:WARNING:spdy_session.cc(3431)] Received HEADERS for invalid stream 19
[1126/174739.978:WARNING:spdy_session.cc(3431)] Received HEADERS for invalid stream 21
[1126/174740.003:WARNING:spdy_session.cc(3431)] Received HEADERS for invalid stream 23
[1126/174740.027:WARNING:spdy_session.cc(3431)] Received HEADERS for invalid stream 25
[1126/174740.032:WARNING:spdy_session.cc(3431)] Received HEADERS for invalid stream 27
[1126/174914.191:ERROR:gpu_init.cc(426)] Passthrough is not supported, GL is disabled
[1126/180046.630:ERROR:audio_rtp_receiver.cc(88)] AudioRtpReceiver::OnSetVolume: No audio channel exists.
[1126/180046.634:WARNING:used_ids.h(55)] Duplicate id found. Reassigning from 104 to 127
[1126/180046.635:WARNING:used_ids.h(55)] Duplicate id found. Reassigning from 102 to 125
[1126/180046.635:WARNING:used_ids.h(55)] Duplicate id found. Reassigning from 104 to 124
[1126/180046.635:WARNING:used_ids.h(55)] Duplicate id found. Reassigning from 106 to 123
[1126/180046.635:WARNING:used_ids.h(55)] Duplicate id found. Reassigning from 110 to 122
[1126/180046.640:WARNING:used_ids.h(55)] Duplicate id found. Reassigning from 103 to 121
[1126/180046.640:WARNING:used_ids.h(55)] Duplicate id found. Reassigning from 105 to 120
[1126/180046.640:WARNING:used_ids.h(55)] Duplicate id found. Reassigning from 111 to 119
[1126/180046.656:WARNING:used_ids.h(55)] Duplicate id found. Reassigning from 1 to 14
[1126/180046.656:WARNING:used_ids.h(55)] Duplicate id found. Reassigning from 3 to 13
[1126/180046.656:WARNING:used_ids.h(55)] Duplicate id found. Reassigning from 5 to 12
[1126/180046.656:WARNING:used_ids.h(55)] Duplicate id found. Reassigning from 6 to 11
[1126/180127.983:WARNING:used_ids.h(55)] Duplicate id found. Reassigning from 104 to 127
[1126/180127.983:WARNING:used_ids.h(55)] Duplicate id found. Reassigning from 102 to 125
[1126/180127.983:WARNING:used_ids.h(55)] Duplicate id found. Reassigning from 104 to 124
[1126/180127.983:WARNING:used_ids.h(55)] Duplicate id found. Reassigning from 106 to 123
[1126/180127.983:WARNING:used_ids.h(55)] Duplicate id found. Reassigning from 110 to 122
[1126/180127.983:WARNING:used_ids.h(55)] Duplicate id found. Reassigning from 103 to 121
[1126/180127.983:WARNING:used_ids.h(55)] Duplicate id found. Reassigning from 105 to 120
[1126/180127.983:WARNING:used_ids.h(55)] Duplicate id found. Reassigning from 111 to 119
[1126/180127.983:WARNING:used_ids.h(55)] Duplicate id found. Reassigning from 1 to 14
[1126/180127.983:WARNING:used_ids.h(55)] Duplicate id found. Reassigning from 3 to 13
[1126/180127.983:WARNING:used_ids.h(55)] Duplicate id found. Reassigning from 5 to 12
[1126/180127.983:WARNING:used_ids.h(55)] Duplicate id found. Reassigning from 6 to 11
[1126/180127.984:ERROR:audio_rtp_receiver.cc(88)] AudioRtpReceiver::OnSetVolume: No audio channel exists.
[1126/180138.732:WARNING:used_ids.h(55)] Duplicate id found. Reassigning from 104 to 127
[1126/180138.732:WARNING:used_ids.h(55)] Duplicate id found. Reassigning from 102 to 125
[1126/180138.732:WARNING:used_ids.h(55)] Duplicate id found. Reassigning from 104 to 124
[1126/180138.732:WARNING:used_ids.h(55)] Duplicate id found. Reassigning from 106 to 123
[1126/180138.732:WARNING:used_ids.h(55)] Duplicate id found. Reassigning from 110 to 122
[1126/180138.733:WARNING:used_ids.h(55)] Duplicate id found. Reassigning from 103 to 121
[1126/180138.733:WARNING:used_ids.h(55)] Duplicate id found. Reassigning from 105 to 120
[1126/180138.733:WARNING:used_ids.h(55)] Duplicate id found. Reassigning from 111 to 119
[1126/180138.733:WARNING:used_ids.h(55)] Duplicate id found. Reassigning from 1 to 14
[1126/180138.733:WARNING:used_ids.h(55)] Duplicate id found. Reassigning from 3 to 13
[1126/180138.733:WARNING:used_ids.h(55)] Duplicate id found. Reassigning from 5 to 12
[1126/180138.733:WARNING:used_ids.h(55)] Duplicate id found. Reassigning from 6 to 11
[1126/180138.733:ERROR:audio_rtp_receiver.cc(88)] AudioRtpReceiver::OnSetVolume: No audio channel exists.
[1126/180201.344:ERROR:ssl_client_socket_impl.cc(947)] handshake failed; returned -1, SSL error code 1, net_error -101
[1126/180201.389:ERROR:ssl_client_socket_impl.cc(947)] handshake failed; returned -1, SSL error code 1, net_error -101
